RUN	RecordedSimulationRefactoredMore	recordedsimulationrefactoredmore	1635852531775	LOLOLOL	3.6.1
USER	RecordedSimulationRefactoredMore	START	1635852532567
USER	RecordedSimulationRefactoredMore	START	1635852532567
USER	RecordedSimulationRefactoredMore	START	1635852532567
USER	RecordedSimulationRefactoredMore	START	1635852532567
USER	RecordedSimulationRefactoredMore	START	1635852532567
REQUEST		Search_Computers	1635852532586	1635852533135	OK	 
REQUEST		Search_Computers	1635852532586	1635852533134	OK	 
REQUEST		Search_Computers	1635852532586	1635852533153	OK	 
REQUEST		Search_Computers	1635852532586	1635852533153	OK	 
REQUEST		Search_Computers	1635852532586	1635852533160	OK	 
REQUEST		request_1	1635852536198	1635852536338	OK	 
REQUEST		request_1	1635852536198	1635852536342	OK	 
REQUEST		request_1	1635852536199	1635852536344	OK	 
REQUEST		request_1	1635852536198	1635852536349	OK	 
REQUEST		request_1	1635852536198	1635852536351	OK	 
REQUEST		request_2	1635852539348	1635852539485	OK	 
REQUEST		request_2	1635852539354	1635852539490	OK	 
REQUEST		request_2	1635852539351	1635852539490	OK	 
REQUEST		request_2	1635852539350	1635852539489	OK	 
REQUEST		request_2	1635852539354	1635852539494	OK	 
REQUEST		Browse_Pages	1635852542493	1635852542632	OK	 
REQUEST		Browse_Pages	1635852542492	1635852542636	OK	 
REQUEST		Browse_Pages	1635852542499	1635852542640	OK	 
REQUEST		Browse_Pages	1635852542499	1635852542641	OK	 
REQUEST		Browse_Pages	1635852542499	1635852542643	OK	 
REQUEST		Create_Computer	1635852545641	1635852545779	OK	 
REQUEST		Create_Computer	1635852545645	1635852545784	OK	 
REQUEST		Create_Computer	1635852545641	1635852545785	OK	 
REQUEST		Create_Computer	1635852545647	1635852545791	OK	 
REQUEST		Create_Computer	1635852545646	1635852545792	OK	 
REQUEST		request_5	1635852548795	1635852548932	OK	 
REQUEST		request_5	1635852548793	1635852548928	OK	 
REQUEST		request_5	1635852548791	1635852548929	OK	 
REQUEST		request_5	1635852548791	1635852548920	OK	 
REQUEST		request_5	1635852548793	1635852548931	OK	 
REQUEST		request_5 Redirect 1	1635852548935	1635852549079	OK	 
REQUEST		request_5 Redirect 1	1635852548936	1635852549079	OK	 
REQUEST		request_5 Redirect 1	1635852548935	1635852549081	OK	 
REQUEST		request_5 Redirect 1	1635852548935	1635852549079	OK	 
REQUEST		request_5 Redirect 1	1635852548936	1635852549079	OK	 
USER	RecordedSimulationRefactoredMore	END	1635852549084
USER	RecordedSimulationRefactoredMore	END	1635852549086
USER	RecordedSimulationRefactoredMore	END	1635852549086
USER	RecordedSimulationRefactoredMore	END	1635852549087
USER	RecordedSimulationRefactoredMore	END	1635852549087
