RUN	RecordedSimulationRefactoredMore	recordedsimulationrefactoredmore	1635852994508	MORE REFACTORED	3.6.1
USER	RecordedSimulationRefactoredMore	START	1635852995015
USER	RecordedSimulationRefactoredMore	START	1635852995015
USER	RecordedSimulationRefactoredMore	START	1635852995015
USER	RecordedSimulationRefactoredMore	START	1635852995015
USER	RecordedSimulationRefactoredMore	START	1635852995015
REQUEST		Search_Computers	1635852995026	1635852995562	OK	 
REQUEST		Search_Computers	1635852995026	1635852995570	OK	 
REQUEST		Search_Computers	1635852995026	1635852995580	OK	 
REQUEST		Search_Computers	1635852995026	1635852995587	OK	 
REQUEST		Search_Computers	1635852995026	1635852995594	OK	 
REQUEST		Enter_Macbook	1635852998616	1635852998745	OK	 
REQUEST		Enter_Macbook	1635852998618	1635852998755	OK	 
REQUEST		Enter_Macbook	1635852998618	1635852998758	OK	 
REQUEST		Enter_Macbook	1635852998620	1635852998760	OK	 
REQUEST		Enter_Macbook	1635852998619	1635852998761	OK	 
REQUEST		Browse_Pages	1635853001755	1635853001888	OK	 
REQUEST		Browse_Pages	1635853001764	1635853001903	OK	 
REQUEST		Browse_Pages	1635853001768	1635853001917	OK	 
REQUEST		Browse_Pages	1635853001767	1635853001917	OK	 
REQUEST		Browse_Pages	1635853001764	1635853001921	OK	 
REQUEST		Create_A_New_Computer	1635853004893	1635853005025	OK	 
REQUEST		Create_A_New_Computer	1635853004914	1635853005051	OK	 
REQUEST		Create_A_New_Computer	1635853004925	1635853005058	OK	 
REQUEST		Create_A_New_Computer	1635853004928	1635853005064	OK	 
REQUEST		Create_A_New_Computer	1635853004926	1635853005069	OK	 
REQUEST		request_5	1635853008035	1635853008165	OK	 
REQUEST		request_5	1635853008057	1635853008186	OK	 
REQUEST		request_5	1635853008062	1635853008194	OK	 
REQUEST		request_5	1635853008069	1635853008200	OK	 
REQUEST		request_5	1635853008072	1635853008207	OK	 
REQUEST		request_5 Redirect 1	1635853008178	1635853008307	OK	 
USER	RecordedSimulationRefactoredMore	END	1635853008312
REQUEST		request_5 Redirect 1	1635853008187	1635853008323	OK	 
USER	RecordedSimulationRefactoredMore	END	1635853008326
REQUEST		request_5 Redirect 1	1635853008194	1635853008326	OK	 
USER	RecordedSimulationRefactoredMore	END	1635853008328
REQUEST		request_5 Redirect 1	1635853008200	1635853008335	OK	 
USER	RecordedSimulationRefactoredMore	END	1635853008338
REQUEST		request_5 Redirect 1	1635853008207	1635853008341	OK	 
USER	RecordedSimulationRefactoredMore	END	1635853008344
