RUN	RecordedSimulationRefactoredMore	recordedsimulationrefactoredmore	1635853278971	THIS SHOULD FAIL	3.6.1
USER	RecordedSimulationRefactoredMore	START	1635853279380
USER	RecordedSimulationRefactoredMore	START	1635853279380
USER	RecordedSimulationRefactoredMore	START	1635853279380
USER	RecordedSimulationRefactoredMore	START	1635853279380
USER	RecordedSimulationRefactoredMore	START	1635853279380
REQUEST		Search_Computers	1635853279389	1635853280047	KO	status.find.in(200,201,202,203,204,205,206,207,208,209,304), found 404
REQUEST		Search_Computers	1635853279389	1635853280040	KO	status.find.in(200,201,202,203,204,205,206,207,208,209,304), found 404
REQUEST		Search_Computers	1635853279389	1635853280050	KO	status.find.in(200,201,202,203,204,205,206,207,208,209,304), found 404
REQUEST		Search_Computers	1635853279389	1635853280082	KO	status.find.in(200,201,202,203,204,205,206,207,208,209,304), found 404
REQUEST		Search_Computers	1635853279389	1635853280127	KO	status.find.in(200,201,202,203,204,205,206,207,208,209,304), found 404
REQUEST		Enter_Macbook	1635853283075	1635853283404	KO	status.find.in(200,201,202,203,204,205,206,207,208,209,304), found 404
REQUEST		Enter_Macbook	1635853283075	1635853283418	KO	status.find.in(200,201,202,203,204,205,206,207,208,209,304), found 404
REQUEST		Enter_Macbook	1635853283089	1635853283477	KO	status.find.in(200,201,202,203,204,205,206,207,208,209,304), found 404
REQUEST		Enter_Macbook	1635853283075	1635853283542	KO	status.find.in(200,201,202,203,204,205,206,207,208,209,304), found 404
REQUEST		Enter_Macbook	1635853283136	1635853283556	KO	status.find.in(200,201,202,203,204,205,206,207,208,209,304), found 404
REQUEST		Browse_Pages	1635853286486	1635853286895	KO	status.find.in(200,201,202,203,204,205,206,207,208,209,304), found 404
REQUEST		Browse_Pages	1635853286563	1635853286994	KO	status.find.in(200,201,202,203,204,205,206,207,208,209,304), found 404
REQUEST		Browse_Pages	1635853286419	1635853287103	KO	status.find.in(200,201,202,203,204,205,206,207,208,209,304), found 404
REQUEST		Browse_Pages	1635853286413	1635853287110	KO	status.find.in(200,201,202,203,204,205,206,207,208,209,304), found 404
REQUEST		Browse_Pages	1635853286545	1635853287186	KO	status.find.in(200,201,202,203,204,205,206,207,208,209,304), found 404
REQUEST		Create_A_New_Computer	1635853289904	1635853290283	KO	status.find.in(200,201,202,203,204,205,206,207,208,209,304), found 404
REQUEST		Create_A_New_Computer	1635853290113	1635853290402	KO	status.find.in(200,201,202,203,204,205,206,207,208,209,304), found 404
REQUEST		Create_A_New_Computer	1635853290107	1635853290431	KO	status.find.in(200,201,202,203,204,205,206,207,208,209,304), found 404
REQUEST		Create_A_New_Computer	1635853289998	1635853290454	KO	status.find.in(200,201,202,203,204,205,206,207,208,209,304), found 404
REQUEST		Create_A_New_Computer	1635853290194	1635853290555	KO	status.find.in(200,201,202,203,204,205,206,207,208,209,304), found 404
REQUEST		request_5	1635853293293	1635853293449	KO	status.find.in(200,201,202,203,204,205,206,207,208,209,304), found 404
USER	RecordedSimulationRefactoredMore	END	1635853293456
REQUEST		request_5	1635853293408	1635853293572	KO	status.find.in(200,201,202,203,204,205,206,207,208,209,304), found 404
USER	RecordedSimulationRefactoredMore	END	1635853293575
REQUEST		request_5	1635853293439	1635853293608	KO	status.find.in(200,201,202,203,204,205,206,207,208,209,304), found 404
USER	RecordedSimulationRefactoredMore	END	1635853293610
REQUEST		request_5	1635853293457	1635853293631	KO	status.find.in(200,201,202,203,204,205,206,207,208,209,304), found 404
USER	RecordedSimulationRefactoredMore	END	1635853293633
REQUEST		request_5	1635853293563	1635853293727	KO	status.find.in(200,201,202,203,204,205,206,207,208,209,304), found 404
USER	RecordedSimulationRefactoredMore	END	1635853293730
