RUN	RecordedSimulationRefactored	recordedsimulationrefactored	1635843744808	HAHAHAHAHA AH AHA HA AHA HAHA HAHA  AHHA HA HA AH AHA AHA HA HA HA AHA HAH A AHH AHA HAHA  AHHA	3.6.1
USER	RecordedSimulationRefactored	START	1635843745297
USER	RecordedSimulationRefactored	START	1635843745297
USER	RecordedSimulationRefactored	START	1635843745297
USER	RecordedSimulationRefactored	START	1635843745297
USER	RecordedSimulationRefactored	START	1635843745297
REQUEST		request_0	1635843745307	1635843745853	OK	 
REQUEST		request_0	1635843745307	1635843745853	OK	 
REQUEST		request_0	1635843745307	1635843745870	OK	 
REQUEST		request_0	1635843745307	1635843745871	OK	 
REQUEST		request_0	1635843745307	1635843745874	OK	 
REQUEST		request_1	1635843748913	1635843749050	OK	 
REQUEST		request_1	1635843748917	1635843749063	OK	 
REQUEST		request_1	1635843748915	1635843749063	OK	 
REQUEST		request_1	1635843748915	1635843749063	OK	 
REQUEST		request_1	1635843748915	1635843749065	OK	 
REQUEST		request_2	1635843752061	1635843752192	OK	 
REQUEST		request_2	1635843752069	1635843752208	OK	 
REQUEST		request_2	1635843752068	1635843752210	OK	 
REQUEST		request_2	1635843752073	1635843752215	OK	 
REQUEST		request_2	1635843752072	1635843752218	OK	 
REQUEST		request_3	1635843755202	1635843755338	OK	 
REQUEST		request_3	1635843755216	1635843755344	OK	 
REQUEST		request_3	1635843755216	1635843755348	OK	 
REQUEST		request_3	1635843755221	1635843755350	OK	 
REQUEST		request_3	1635843755224	1635843755357	OK	 
REQUEST		request_4	1635843758346	1635843758477	OK	 
REQUEST		request_4	1635843758352	1635843758490	OK	 
REQUEST		request_4	1635843758352	1635843758490	OK	 
REQUEST		request_4	1635843758361	1635843758493	OK	 
REQUEST		request_4	1635843758354	1635843758495	OK	 
REQUEST		request_5	1635843761497	1635843761627	OK	 
REQUEST		request_5	1635843761491	1635843761624	OK	 
REQUEST		request_5	1635843761502	1635843761633	OK	 
REQUEST		request_5	1635843761497	1635843761628	OK	 
REQUEST		request_5	1635843761502	1635843761642	OK	 
REQUEST		request_5 Redirect 1	1635843761635	1635843761765	OK	 
REQUEST		request_5 Redirect 1	1635843761635	1635843761766	OK	 
REQUEST		request_5 Redirect 1	1635843761635	1635843761771	OK	 
REQUEST		request_5 Redirect 1	1635843761635	1635843761772	OK	 
USER	RecordedSimulationRefactored	END	1635843761771
USER	RecordedSimulationRefactored	END	1635843761771
USER	RecordedSimulationRefactored	END	1635843761773
USER	RecordedSimulationRefactored	END	1635843761773
REQUEST		request_5 Redirect 1	1635843761643	1635843761779	OK	 
USER	RecordedSimulationRefactored	END	1635843761782
