RUN	RecordedSimulationRefactoredMore	recordedsimulationrefactoredmore	1635853623445	PEWROW[POR[PWEOR[PWEOR[PWEOR[WPEORW[EPOR[PWEORP[WEOR[PWEORWER	3.6.1
USER	RecordedSimulationRefactoredMore	START	1635853623952
USER	RecordedSimulationRefactoredMore	START	1635853623952
USER	RecordedSimulationRefactoredMore	START	1635853623952
USER	RecordedSimulationRefactoredMore	START	1635853623952
USER	RecordedSimulationRefactoredMore	START	1635853623952
REQUEST		Search_Computers	1635853623961	1635853624507	OK	 
REQUEST		Search_Computers	1635853623961	1635853624516	OK	 
REQUEST		Search_Computers	1635853623961	1635853624522	OK	 
REQUEST		Search_Computers	1635853623961	1635853624536	OK	 
REQUEST		Search_Computers	1635853623961	1635853624536	OK	 
REQUEST		Enter_Macbook	1635853627570	1635853627703	OK	 
REQUEST		Enter_Macbook	1635853627569	1635853627712	OK	 
REQUEST		Enter_Macbook	1635853627569	1635853627712	OK	 
REQUEST		Enter_Macbook	1635853627569	1635853627716	OK	 
REQUEST		Enter_Macbook	1635853627571	1635853627717	OK	 
REQUEST		Browse_Pages	1635853630710	1635853630843	OK	 
REQUEST		Browse_Pages	1635853630720	1635853630855	OK	 
REQUEST		Browse_Pages	1635853630722	1635853630859	OK	 
REQUEST		Browse_Pages	1635853630720	1635853630859	OK	 
REQUEST		Browse_Pages	1635853630722	1635853630861	OK	 
REQUEST		Create_A_New_Computer	1635853633852	1635853633986	OK	 
REQUEST		Create_A_New_Computer	1635853633861	1635853634009	OK	 
REQUEST		Create_A_New_Computer	1635853633863	1635853634013	OK	 
REQUEST		Create_A_New_Computer	1635853633869	1635853634039	OK	 
REQUEST		Create_A_New_Computer	1635853633867	1635853634039	OK	 
REQUEST		request_5	1635853637001	1635853637131	OK	 
REQUEST		request_5	1635853637013	1635853637143	OK	 
REQUEST		request_5	1635853637020	1635853637149	OK	 
REQUEST		request_5	1635853637044	1635853637173	OK	 
REQUEST		request_5	1635853637045	1635853637178	OK	 
REQUEST		request_5 Redirect 1	1635853637144	1635853637271	OK	 
REQUEST		request_5 Redirect 1	1635853637143	1635853637275	OK	 
USER	RecordedSimulationRefactoredMore	END	1635853637280
USER	RecordedSimulationRefactoredMore	END	1635853637280
REQUEST		request_5 Redirect 1	1635853637150	1635853637281	OK	 
USER	RecordedSimulationRefactoredMore	END	1635853637284
REQUEST		request_5 Redirect 1	1635853637174	1635853637302	OK	 
USER	RecordedSimulationRefactoredMore	END	1635853637306
REQUEST		request_5 Redirect 1	1635853637179	1635853637314	OK	 
USER	RecordedSimulationRefactoredMore	END	1635853637317
