RUN	RecordedSimulationRefactoredMore	recordedsimulationrefactoredmore	1635855101989	Users And Admin	3.6.1
USER	Admins	START	1635855102440
USER	Users	START	1635855102440
USER	Users	START	1635855102440
USER	Users	START	1635855102440
USER	Users	START	1635855102440
USER	Admins	START	1635855102440
USER	Admins	START	1635855102440
USER	Users	START	1635855102440
USER	Admins	START	1635855102440
USER	Admins	START	1635855102440
REQUEST		Search_Computers	1635855102452	1635855102997	OK	 
REQUEST		Search_Computers	1635855102452	1635855102997	OK	 
REQUEST		Search_Computers	1635855102452	1635855102997	OK	 
REQUEST		Search_Computers	1635855102452	1635855103005	OK	 
REQUEST		Search_Computers	1635855102452	1635855103006	OK	 
REQUEST		Search_Computers	1635855102452	1635855103006	OK	 
REQUEST		Search_Computers	1635855102452	1635855103012	OK	 
REQUEST		Search_Computers	1635855102452	1635855103013	OK	 
REQUEST		Search_Computers	1635855102452	1635855103013	OK	 
REQUEST		Search_Computers	1635855102452	1635855103018	OK	 
REQUEST		Enter_Macbook	1635855106057	1635855106196	OK	 
REQUEST		Enter_Macbook	1635855106056	1635855106196	OK	 
REQUEST		Enter_Macbook	1635855106058	1635855106201	OK	 
REQUEST		Enter_Macbook	1635855106056	1635855106201	OK	 
REQUEST		Enter_Macbook	1635855106058	1635855106204	OK	 
REQUEST		Enter_Macbook	1635855106059	1635855106205	OK	 
REQUEST		Enter_Macbook	1635855106056	1635855106206	OK	 
REQUEST		Enter_Macbook	1635855106059	1635855106208	OK	 
REQUEST		Enter_Macbook	1635855106060	1635855106552	OK	 
REQUEST		Enter_Macbook	1635855106060	1635855106560	OK	 
REQUEST		Browse_Pages	1635855109207	1635855109340	OK	 
REQUEST		Browse_Pages	1635855109207	1635855109345	OK	 
REQUEST		Browse_Pages	1635855109209	1635855109346	OK	 
REQUEST		Browse_Pages	1635855109207	1635855109351	OK	 
REQUEST		Browse_Pages	1635855109210	1635855109353	OK	 
REQUEST		Browse_Pages	1635855109209	1635855109354	OK	 
REQUEST		Browse_Pages	1635855109212	1635855109358	OK	 
REQUEST		Browse_Pages	1635855109214	1635855109359	OK	 
REQUEST		Browse_Pages	1635855109558	1635855109694	OK	 
REQUEST		Browse_Pages	1635855109562	1635855109699	OK	 
USER	Users	END	1635855112354
USER	Users	END	1635855112354
USER	Users	END	1635855112358
USER	Users	END	1635855112360
REQUEST		Create_A_New_Computer	1635855112350	1635855112482	OK	 
REQUEST		Create_A_New_Computer	1635855112356	1635855112493	OK	 
REQUEST		Create_A_New_Computer	1635855112361	1635855112499	OK	 
REQUEST		Create_A_New_Computer	1635855112365	1635855112501	OK	 
USER	Users	END	1635855112703
REQUEST		Create_A_New_Computer	1635855112701	1635855112840	OK	 
REQUEST		request_5	1635855115505	1635855115639	OK	 
REQUEST		request_5	1635855115494	1635855115629	OK	 
REQUEST		request_5	1635855115503	1635855115640	OK	 
REQUEST		request_5	1635855115495	1635855115629	OK	 
REQUEST		request_5 Redirect 1	1635855115642	1635855115775	OK	 
REQUEST		request_5 Redirect 1	1635855115642	1635855115776	OK	 
REQUEST		request_5 Redirect 1	1635855115642	1635855115778	OK	 
USER	Admins	END	1635855115779
USER	Admins	END	1635855115779
USER	Admins	END	1635855115780
REQUEST		request_5 Redirect 1	1635855115642	1635855115780	OK	 
USER	Admins	END	1635855115782
REQUEST		request_5	1635855115848	1635855115984	OK	 
REQUEST		request_5 Redirect 1	1635855115986	1635855116118	OK	 
USER	Admins	END	1635855116123
