RUN	RecordedSimulationRefactored	recordedsimulationrefactored	1635843334475	AWWWWWWWWWWWWWWWWWWWWWW HERE WE GO	3.6.1
USER	RecordedSimulationRefactored	START	1635843334818
USER	RecordedSimulationRefactored	START	1635843334818
USER	RecordedSimulationRefactored	START	1635843334818
USER	RecordedSimulationRefactored	START	1635843334818
USER	RecordedSimulationRefactored	START	1635843334818
REQUEST		request_0	1635843334828	1635843335383	OK	 
REQUEST		request_0	1635843334828	1635843335381	OK	 
REQUEST		request_0	1635843334828	1635843335375	OK	 
REQUEST		request_0	1635843334828	1635843335388	OK	 
REQUEST		request_0	1635843334828	1635843335388	OK	 
REQUEST		request_1	1635843338445	1635843338578	OK	 
REQUEST		request_1	1635843338445	1635843338584	OK	 
REQUEST		request_1	1635843338445	1635843338585	OK	 
REQUEST		request_1	1635843338446	1635843338588	OK	 
REQUEST		request_1	1635843338446	1635843338591	OK	 
REQUEST		request_2	1635843341584	1635843341716	OK	 
REQUEST		request_2	1635843341587	1635843341721	OK	 
REQUEST		request_2	1635843341590	1635843341724	OK	 
REQUEST		request_2	1635843341595	1635843341730	OK	 
REQUEST		request_2	1635843341600	1635843341737	OK	 
REQUEST		request_3	1635843344724	1635843344857	OK	 
REQUEST		request_3	1635843344726	1635843344862	OK	 
REQUEST		request_3	1635843344730	1635843344862	OK	 
REQUEST		request_3	1635843344738	1635843344873	OK	 
REQUEST		request_3	1635843344741	1635843344873	OK	 
REQUEST		request_4	1635843347861	1635843347995	OK	 
REQUEST		request_4	1635843347865	1635843348002	OK	 
REQUEST		request_4	1635843347870	1635843348008	OK	 
REQUEST		request_4	1635843347876	1635843348016	OK	 
REQUEST		request_4	1635843347880	1635843348016	OK	 
REQUEST		request_5	1635843351011	1635843351144	OK	 
REQUEST		request_5	1635843351002	1635843351135	OK	 
REQUEST		request_5	1635843351006	1635843351143	OK	 
REQUEST		request_5	1635843351024	1635843351158	OK	 
REQUEST		request_5	1635843351024	1635843351158	OK	 
REQUEST		request_5 Redirect 1	1635843351153	1635843351286	OK	 
REQUEST		request_5 Redirect 1	1635843351153	1635843351288	OK	 
REQUEST		request_5 Redirect 1	1635843351159	1635843351293	OK	 
REQUEST		request_5 Redirect 1	1635843351154	1635843351293	OK	 
REQUEST		request_5 Redirect 1	1635843351159	1635843351295	OK	 
USER	RecordedSimulationRefactored	END	1635843351297
USER	RecordedSimulationRefactored	END	1635843351298
USER	RecordedSimulationRefactored	END	1635843351300
USER	RecordedSimulationRefactored	END	1635843351300
USER	RecordedSimulationRefactored	END	1635843351301
