RUN	RecordedSimulationRefactoredMore	recordedsimulationrefactoredmore	1635850858064	lol	3.6.1
USER	RecordedSimulationRefactoredMore	START	1635850858838
USER	RecordedSimulationRefactoredMore	START	1635850858838
USER	RecordedSimulationRefactoredMore	START	1635850858838
USER	RecordedSimulationRefactoredMore	START	1635850858838
USER	RecordedSimulationRefactoredMore	START	1635850858838
REQUEST		request_0	1635850858848	1635850859405	OK	 
REQUEST		request_0	1635850858848	1635850859394	OK	 
REQUEST		request_0	1635850858849	1635850859404	OK	 
REQUEST		request_0	1635850858848	1635850859396	OK	 
REQUEST		request_0	1635850858849	1635850859396	OK	 
REQUEST		request_1	1635850862459	1635850862594	OK	 
REQUEST		request_1	1635850862460	1635850862598	OK	 
REQUEST		request_1	1635850862459	1635850862604	OK	 
REQUEST		request_1	1635850862459	1635850862604	OK	 
REQUEST		request_1	1635850862459	1635850862605	OK	 
REQUEST		request_2	1635850865604	1635850865739	OK	 
REQUEST		request_2	1635850865607	1635850865740	OK	 
REQUEST		request_2	1635850865613	1635850865746	OK	 
REQUEST		request_2	1635850865613	1635850865752	OK	 
REQUEST		request_2	1635850865615	1635850865752	OK	 
REQUEST		request_3	1635850868749	1635850868888	OK	 
REQUEST		request_3	1635850868749	1635850868888	OK	 
REQUEST		request_3	1635850868752	1635850868891	OK	 
REQUEST		request_3	1635850868760	1635850868896	OK	 
REQUEST		request_3	1635850868760	1635850868898	OK	 
REQUEST		request_4	1635850871891	1635850872025	OK	 
REQUEST		request_4	1635850871895	1635850872034	OK	 
REQUEST		request_4	1635850871895	1635850872043	OK	 
REQUEST		request_4	1635850871901	1635850872043	OK	 
REQUEST		request_4	1635850871901	1635850872043	OK	 
REQUEST		request_5	1635850875040	1635850875172	OK	 
REQUEST		request_5	1635850875052	1635850875188	OK	 
REQUEST		request_5	1635850875050	1635850875184	OK	 
REQUEST		request_5	1635850875040	1635850875178	OK	 
REQUEST		request_5	1635850875050	1635850875181	OK	 
REQUEST		request_5 Redirect 1	1635850875197	1635850875333	OK	 
REQUEST		request_5 Redirect 1	1635850875196	1635850875335	OK	 
REQUEST		request_5 Redirect 1	1635850875197	1635850875335	OK	 
REQUEST		request_5 Redirect 1	1635850875196	1635850875339	OK	 
REQUEST		request_5 Redirect 1	1635850875196	1635850875338	OK	 
USER	RecordedSimulationRefactoredMore	END	1635850875344
USER	RecordedSimulationRefactoredMore	END	1635850875345
USER	RecordedSimulationRefactoredMore	END	1635850875346
USER	RecordedSimulationRefactoredMore	END	1635850875348
USER	RecordedSimulationRefactoredMore	END	1635850875348
