RUN	RecordedSimulationRefactoredMore	recordedsimulationrefactoredmore	1635854063259	HOPEFULLY THIS WORKS	3.6.1
USER	Users	START	1635854063781
USER	Admins	START	1635854063781
USER	Users	START	1635854063781
USER	Users	START	1635854063781
USER	Admins	START	1635854063781
USER	Admins	START	1635854063781
USER	Admins	START	1635854063781
USER	Users	START	1635854063781
USER	Admins	START	1635854063781
USER	Users	START	1635854063781
REQUEST		Search_Computers	1635854063795	1635854064351	OK	 
REQUEST		Search_Computers	1635854063795	1635854064353	OK	 
REQUEST		Search_Computers	1635854063795	1635854064352	OK	 
REQUEST		Search_Computers	1635854063795	1635854064365	OK	 
REQUEST		Search_Computers	1635854063795	1635854064366	OK	 
REQUEST		Search_Computers	1635854063795	1635854064374	OK	 
REQUEST		Search_Computers	1635854063795	1635854064381	OK	 
REQUEST		Search_Computers	1635854063795	1635854064382	OK	 
REQUEST		Search_Computers	1635854063795	1635854064387	OK	 
REQUEST		Search_Computers	1635854063795	1635854064388	OK	 
REQUEST		Enter_Macbook	1635854067406	1635854067541	OK	 
REQUEST		Enter_Macbook	1635854067409	1635854067549	OK	 
REQUEST		Enter_Macbook	1635854067406	1635854067552	OK	 
REQUEST		Enter_Macbook	1635854067407	1635854067555	OK	 
REQUEST		Enter_Macbook	1635854067408	1635854067556	OK	 
REQUEST		Enter_Macbook	1635854067409	1635854067562	OK	 
REQUEST		Enter_Macbook	1635854067409	1635854067563	OK	 
REQUEST		Enter_Macbook	1635854067407	1635854067570	OK	 
REQUEST		Enter_Macbook	1635854067410	1635854067571	OK	 
REQUEST		Enter_Macbook	1635854067410	1635854067571	OK	 
REQUEST		Browse_Pages	1635854070551	1635854070687	OK	 
REQUEST		Browse_Pages	1635854070554	1635854070696	OK	 
REQUEST		Browse_Pages	1635854070559	1635854070698	OK	 
REQUEST		Browse_Pages	1635854070562	1635854070706	OK	 
REQUEST		Browse_Pages	1635854070559	1635854070706	OK	 
REQUEST		Browse_Pages	1635854070570	1635854070707	OK	 
REQUEST		Browse_Pages	1635854070570	1635854070708	OK	 
REQUEST		Browse_Pages	1635854070577	1635854070709	OK	 
REQUEST		Browse_Pages	1635854070577	1635854070723	OK	 
REQUEST		Browse_Pages	1635854070577	1635854070724	OK	 
USER	Users	END	1635854073709
USER	Users	END	1635854073710
USER	Users	END	1635854073710
USER	Users	END	1635854073712
USER	Users	END	1635854073713
REQUEST		Create_A_New_Computer	1635854073697	1635854073831	OK	 
REQUEST		Create_A_New_Computer	1635854073709	1635854073853	OK	 
REQUEST		Create_A_New_Computer	1635854073727	1635854073858	OK	 
REQUEST		Create_A_New_Computer	1635854073716	1635854073859	OK	 
REQUEST		Create_A_New_Computer	1635854073728	1635854073861	OK	 
REQUEST		request_5	1635854076846	1635854076977	OK	 
REQUEST		request_5	1635854076856	1635854076985	OK	 
REQUEST		request_5	1635854076863	1635854076991	OK	 
REQUEST		request_5	1635854076863	1635854076999	OK	 
REQUEST		request_5	1635854076864	1635854077000	OK	 
REQUEST		request_5 Redirect 1	1635854076990	1635854077119	OK	 
USER	Admins	END	1635854077123
REQUEST		request_5 Redirect 1	1635854076991	1635854077128	OK	 
REQUEST		request_5 Redirect 1	1635854076990	1635854077128	OK	 
USER	Admins	END	1635854077130
USER	Admins	END	1635854077131
REQUEST		request_5 Redirect 1	1635854077000	1635854077134	OK	 
USER	Admins	END	1635854077136
REQUEST		request_5 Redirect 1	1635854077000	1635854077136	OK	 
USER	Admins	END	1635854077137
