RUN	ShouldFail	shouldfail	1635855208008	THIS SHOULD FAIL	3.6.1
USER	Users	START	1635855208376
USER	Admins	START	1635855208375
USER	Admins	START	1635855208375
USER	Users	START	1635855208375
USER	Users	START	1635855208375
USER	Admins	START	1635855208375
USER	Users	START	1635855208376
USER	Admins	START	1635855208375
USER	Users	START	1635855208375
USER	Admins	START	1635855208375
REQUEST		Search_Computers	1635855208388	1635855209030	KO	status.find.in(200,201,202,203,204,205,206,207,208,209,304), found 404
REQUEST		Search_Computers	1635855208388	1635855209028	KO	status.find.in(200,201,202,203,204,205,206,207,208,209,304), found 404
REQUEST		Search_Computers	1635855208388	1635855209048	KO	status.find.in(200,201,202,203,204,205,206,207,208,209,304), found 404
REQUEST		Search_Computers	1635855208388	1635855209072	KO	status.find.in(200,201,202,203,204,205,206,207,208,209,304), found 404
REQUEST		Search_Computers	1635855208388	1635855209075	KO	status.find.in(200,201,202,203,204,205,206,207,208,209,304), found 404
REQUEST		Search_Computers	1635855208388	1635855209093	KO	status.find.in(200,201,202,203,204,205,206,207,208,209,304), found 404
REQUEST		Search_Computers	1635855208388	1635855209098	KO	status.find.in(200,201,202,203,204,205,206,207,208,209,304), found 404
REQUEST		Search_Computers	1635855208388	1635855209172	KO	status.find.in(200,201,202,203,204,205,206,207,208,209,304), found 404
REQUEST		Search_Computers	1635855208388	1635855209265	KO	status.find.in(200,201,202,203,204,205,206,207,208,209,304), found 404
REQUEST		Search_Computers	1635855208388	1635855209268	KO	status.find.in(200,201,202,203,204,205,206,207,208,209,304), found 404
REQUEST		Enter_Macbook	1635855212057	1635855212337	KO	status.find.in(200,201,202,203,204,205,206,207,208,209,304), found 404
REQUEST		Enter_Macbook	1635855212057	1635855212348	KO	status.find.in(200,201,202,203,204,205,206,207,208,209,304), found 404
REQUEST		Enter_Macbook	1635855212057	1635855212374	KO	status.find.in(200,201,202,203,204,205,206,207,208,209,304), found 404
REQUEST		Enter_Macbook	1635855212095	1635855212407	KO	status.find.in(200,201,202,203,204,205,206,207,208,209,304), found 404
REQUEST		Enter_Macbook	1635855212078	1635855212431	KO	status.find.in(200,201,202,203,204,205,206,207,208,209,304), found 404
REQUEST		Enter_Macbook	1635855212176	1635855212436	KO	status.find.in(200,201,202,203,204,205,206,207,208,209,304), found 404
REQUEST		Enter_Macbook	1635855212081	1635855212496	KO	status.find.in(200,201,202,203,204,205,206,207,208,209,304), found 404
REQUEST		Enter_Macbook	1635855212100	1635855212499	KO	status.find.in(200,201,202,203,204,205,206,207,208,209,304), found 404
REQUEST		Enter_Macbook	1635855212273	1635855212624	KO	status.find.in(200,201,202,203,204,205,206,207,208,209,304), found 404
REQUEST		Enter_Macbook	1635855212273	1635855212627	KO	status.find.in(200,201,202,203,204,205,206,207,208,209,304), found 404
REQUEST		Browse_Pages	1635855215344	1635855215650	KO	status.find.in(200,201,202,203,204,205,206,207,208,209,304), found 404
REQUEST		Browse_Pages	1635855215381	1635855215657	KO	status.find.in(200,201,202,203,204,205,206,207,208,209,304), found 404
REQUEST		Browse_Pages	1635855215351	1635855215656	KO	status.find.in(200,201,202,203,204,205,206,207,208,209,304), found 404
REQUEST		Browse_Pages	1635855215412	1635855215669	KO	status.find.in(200,201,202,203,204,205,206,207,208,209,304), found 404
REQUEST		Browse_Pages	1635855215442	1635855215724	KO	status.find.in(200,201,202,203,204,205,206,207,208,209,304), found 404
REQUEST		Browse_Pages	1635855215500	1635855215751	KO	status.find.in(200,201,202,203,204,205,206,207,208,209,304), found 404
REQUEST		Browse_Pages	1635855215439	1635855215801	KO	status.find.in(200,201,202,203,204,205,206,207,208,209,304), found 404
REQUEST		Browse_Pages	1635855215502	1635855215806	KO	status.find.in(200,201,202,203,204,205,206,207,208,209,304), found 404
REQUEST		Browse_Pages	1635855215630	1635855215982	KO	status.find.in(200,201,202,203,204,205,206,207,208,209,304), found 404
REQUEST		Browse_Pages	1635855215633	1635855215985	KO	status.find.in(200,201,202,203,204,205,206,207,208,209,304), found 404
USER	Users	END	1635855218664
USER	Users	END	1635855218664
USER	Users	END	1635855218814
REQUEST		Create_A_New_Computer	1635855218658	1635855218958	KO	status.find.in(200,201,202,203,204,205,206,207,208,209,304), found 404
USER	Users	END	1635855218991
USER	Users	END	1635855218992
REQUEST		Create_A_New_Computer	1635855218807	1635855219072	KO	status.find.in(200,201,202,203,204,205,206,207,208,209,304), found 404
REQUEST		Create_A_New_Computer	1635855218677	1635855219113	KO	status.find.in(200,201,202,203,204,205,206,207,208,209,304), found 404
REQUEST		Create_A_New_Computer	1635855218757	1635855219117	KO	status.find.in(200,201,202,203,204,205,206,207,208,209,304), found 404
REQUEST		Create_A_New_Computer	1635855218731	1635855219143	KO	status.find.in(200,201,202,203,204,205,206,207,208,209,304), found 404
REQUEST		request_5	1635855221970	1635855222142	KO	status.find.in(200,201,202,203,204,205,206,207,208,209,304), found 404
USER	Admins	END	1635855222146
REQUEST		request_5	1635855222081	1635855222241	KO	status.find.in(200,201,202,203,204,205,206,207,208,209,304), found 404
USER	Admins	END	1635855222244
REQUEST		request_5	1635855222121	1635855222279	KO	status.find.in(200,201,202,203,204,205,206,207,208,209,304), found 404
USER	Admins	END	1635855222281
REQUEST		request_5	1635855222121	1635855222285	KO	status.find.in(200,201,202,203,204,205,206,207,208,209,304), found 404
USER	Admins	END	1635855222288
REQUEST		request_5	1635855222149	1635855222329	KO	status.find.in(200,201,202,203,204,205,206,207,208,209,304), found 404
USER	Admins	END	1635855222331
