RUN	UsingCSV	usingcsv	1635869139912	asasas	3.6.1
USER	Users	START	1635869140392
USER	Admins	START	1635869140392
USER	Users	START	1635869140393
USER	Admins	START	1635869140392
USER	Admins	START	1635869140392
USER	Users	START	1635869140393
USER	Admins	START	1635869140392
USER	Users	START	1635869140394
USER	Admins	START	1635869140392
USER	Admins	START	1635869140392
USER	Users	START	1635869140392
USER	Admins	START	1635869140392
USER	Users	START	1635869140394
USER	Users	START	1635869140393
REQUEST		Search_Computers	1635869140405	1635869141067	OK	 
REQUEST		Search_Computers	1635869140407	1635869141071	OK	 
REQUEST		Search_Computers	1635869140407	1635869141065	OK	 
REQUEST		Search_Computers	1635869140405	1635869141068	OK	 
REQUEST		Search_Computers	1635869140409	1635869141069	OK	 
REQUEST		Search_Computers	1635869140405	1635869141068	OK	 
REQUEST		Search_Computers	1635869140405	1635869141069	OK	 
REQUEST		Search_Computers	1635869140408	1635869141065	OK	 
REQUEST		Search_Computers	1635869140406	1635869141065	OK	 
REQUEST		Search_Computers	1635869140408	1635869141089	OK	 
REQUEST		Search_Computers	1635869140406	1635869141089	OK	 
REQUEST		Search_Computers	1635869140405	1635869141096	KO	status.find.in(200,201,202,203,204,205,206,207,208,209,304), found 429
REQUEST		Search_Computers	1635869140410	1635869141096	KO	status.find.in(200,201,202,203,204,205,206,207,208,209,304), found 429
REQUEST		Search_Computers	1635869140405	1635869141096	KO	status.find.in(200,201,202,203,204,205,206,207,208,209,304), found 429
REQUEST		Search_Computer_Acer	1635869144112	1635869144245	OK	 
REQUEST		Search_Computer_Acer	1635869144112	1635869144247	OK	 
REQUEST		Search_Computer_Macbook	1635869144112	1635869144251	OK	 
REQUEST		Search_Computer_Acer	1635869144131	1635869144267	OK	 
REQUEST		Search_Computer_Acer	1635869144133	1635869144293	OK	 
REQUEST		Search_Computer_Acer	1635869144133	1635869144296	OK	 
REQUEST		Search_Computer_Macbook	1635869144135	1635869144297	OK	 
REQUEST		Search_Computer_Macbook	1635869144133	1635869144298	OK	 
REQUEST		Search_Computer_Macbook	1635869144133	1635869144298	OK	 
REQUEST		Search_Computer_Acer	1635869144133	1635869144298	OK	 
REQUEST		Search_Computer_Macbook	1635869144135	1635869144299	OK	 
REQUEST		Search_Computer_Acer	1635869144135	1635869144299	KO	status.find.in(200,201,202,203,204,205,206,207,208,209,304), found 429
REQUEST		Search_Computer_Macbook	1635869144135	1635869144299	KO	status.find.in(200,201,202,203,204,205,206,207,208,209,304), found 429
REQUEST		Search_Computer_Macbook	1635869144135	1635869144298	KO	status.find.in(200,201,202,203,204,205,206,207,208,209,304), found 429
REQUEST		Browse_Pages	1635869147254	1635869147384	OK	 
REQUEST		Browse_Pages	1635869147254	1635869147394	OK	 
REQUEST		Browse_Pages	1635869147254	1635869147397	OK	 
REQUEST		Browse_Pages	1635869147270	1635869147400	OK	 
REQUEST		Browse_Pages	1635869147298	1635869147438	OK	 
REQUEST		Browse_Pages	1635869147303	1635869147443	KO	status.find.in(200,201,202,203,204,205,206,207,208,209,304), found 429
REQUEST		Browse_Pages	1635869147304	1635869147443	KO	status.find.in(200,201,202,203,204,205,206,207,208,209,304), found 429
REQUEST		Browse_Pages	1635869147300	1635869147443	OK	 
REQUEST		Browse_Pages	1635869147303	1635869147447	OK	 
REQUEST		Browse_Pages	1635869147301	1635869147448	OK	 
REQUEST		Browse_Pages	1635869147303	1635869147455	OK	 
REQUEST		Browse_Pages	1635869147303	1635869147456	OK	 
REQUEST		Browse_Pages	1635869147303	1635869147457	OK	 
REQUEST		Browse_Pages	1635869147304	1635869147458	OK	 
USER	Users	END	1635869150394
USER	Users	END	1635869150399
USER	Users	END	1635869150408
USER	Users	END	1635869150446
USER	Users	END	1635869150449
USER	Users	END	1635869150460
USER	Users	END	1635869150461
REQUEST		Create_A_New_Computer	1635869150401	1635869150536	OK	 
REQUEST		Create_A_New_Computer	1635869150445	1635869150586	OK	 
REQUEST		Create_A_New_Computer	1635869150447	1635869150588	OK	 
REQUEST		Create_A_New_Computer	1635869150448	1635869150588	OK	 
REQUEST		Create_A_New_Computer	1635869150451	1635869150594	OK	 
REQUEST		Create_A_New_Computer	1635869150461	1635869150599	OK	 
REQUEST		Create_A_New_Computer	1635869150462	1635869150602	OK	 
REQUEST		Creating [derpA] [42] [2018-01-01] [2020-02-03]	1635869153546	1635869153676	OK	 
REQUEST		Creating [derpA] [42] [2018-01-01] [2020-02-03]	1635869153592	1635869153729	OK	 
REQUEST		Creating [derpA] [42] [2018-01-01] [2020-02-03]	1635869153593	1635869153733	OK	 
REQUEST		Creating [derpA] [42] [2018-01-01] [2020-02-03]	1635869153592	1635869153735	OK	 
REQUEST		Creating [derpA] [42] [2018-01-01] [2020-02-03]	1635869153604	1635869153736	OK	 
REQUEST		Creating [derpA] [42] [2018-01-01] [2020-02-03]	1635869153599	1635869153740	OK	 
REQUEST		Creating [derpA] [42] [2018-01-01] [2020-02-03]	1635869153608	1635869153742	OK	 
REQUEST		Creating [derpA] [42] [2018-01-01] [2020-02-03] Redirect 1	1635869153686	1635869153814	OK	 
USER	Admins	END	1635869153817
REQUEST		Creating [derpA] [42] [2018-01-01] [2020-02-03] Redirect 1	1635869153730	1635869153865	OK	 
USER	Admins	END	1635869153867
REQUEST		Creating [derpA] [42] [2018-01-01] [2020-02-03] Redirect 1	1635869153734	1635869153868	OK	 
REQUEST		Creating [derpA] [42] [2018-01-01] [2020-02-03] Redirect 1	1635869153741	1635869153870	OK	 
REQUEST		Creating [derpA] [42] [2018-01-01] [2020-02-03] Redirect 1	1635869153735	1635869153870	OK	 
USER	Admins	END	1635869153870
USER	Admins	END	1635869153871
USER	Admins	END	1635869153871
REQUEST		Creating [derpA] [42] [2018-01-01] [2020-02-03] Redirect 1	1635869153742	1635869153873	OK	 
USER	Admins	END	1635869153875
REQUEST		Creating [derpA] [42] [2018-01-01] [2020-02-03] Redirect 1	1635869153736	1635869153875	OK	 
USER	Admins	END	1635869153876
